<?xml version="1.0" encoding="UTF-8"?>
<robot generator="Robot 4.1.3 (Python 3.10.11 on win32)" generated="20230523 15:29:59.495" rpa="false" schemaversion="2">
<suite id="s1" name="Tc audit log" source="C:\FMGApps\FMS_Audit_Log_Automation\tests\ui_tests\Tc_audit_log.robot">
<test id="s1-t1" name="TC:001_Simple example Search">
<kw name="Go to Google" library="Utilities_Keywords" type="SETUP">
<kw name="Open Browser" library="SeleniumLibrary">
<arg>${URL}</arg>
<arg>${BROWSER}</arg>
<doc>Opens a new browser instance to the optional ``url``.</doc>
<msg timestamp="20230523 15:29:59.858" level="INFO">Opening browser 'Chrome' to base url 'https://google.com'.</msg>
<status status="PASS" starttime="20230523 15:29:59.858" endtime="20230523 15:30:04.887"/>
</kw>
<kw name="Maximize Browser Window" library="SeleniumLibrary">
<doc>Maximizes current browser window.</doc>
<status status="PASS" starttime="20230523 15:30:04.887" endtime="20230523 15:30:05.004"/>
</kw>
<kw name="Sleep" library="BuiltIn">
<arg>5s</arg>
<doc>Pauses the test executed for the given time.</doc>
<msg timestamp="20230523 15:30:10.013" level="INFO">Slept 5 seconds</msg>
<status status="PASS" starttime="20230523 15:30:05.004" endtime="20230523 15:30:10.014"/>
</kw>
<status status="PASS" starttime="20230523 15:29:59.857" endtime="20230523 15:30:10.014"/>
</kw>
<kw name="Simple Search" library="Utilities_Keywords">
<arg>FMG</arg>
<kw name="Input Text" library="SeleniumLibrary">
<arg>name:q</arg>
<arg>${SearchWord}</arg>
<doc>Types the given ``text`` into the text field identified by ``locator``.</doc>
<msg timestamp="20230523 15:30:10.016" level="INFO">Typing text 'FMG' into text field 'name:q'.</msg>
<status status="PASS" starttime="20230523 15:30:10.015" endtime="20230523 15:30:10.116"/>
</kw>
<kw name="Press Keys" library="SeleniumLibrary">
<arg>name:q</arg>
<arg>ENTER</arg>
<doc>Simulates the user pressing key(s) to an element or on the active browser.</doc>
<msg timestamp="20230523 15:30:10.117" level="INFO">Sending key(s) ('ENTER',) to name:q element.</msg>
<msg timestamp="20230523 15:30:10.419" level="INFO">Pressing special key ENTER to element.</msg>
<msg timestamp="20230523 15:30:10.419" level="INFO">Releasing special key ENTER.</msg>
<status status="PASS" starttime="20230523 15:30:10.116" endtime="20230523 15:30:12.844"/>
</kw>
<status status="PASS" starttime="20230523 15:30:10.015" endtime="20230523 15:30:12.844"/>
</kw>
<tag>regression</tag>
<status status="PASS" starttime="20230523 15:29:59.857" endtime="20230523 15:30:12.845"/>
</test>
<kw name="Close All Browsers" library="SeleniumLibrary" type="TEARDOWN">
<doc>Closes all open browsers and resets the browser cache.</doc>
<status status="PASS" starttime="20230523 15:30:12.847" endtime="20230523 15:30:19.236"/>
</kw>
<status status="PASS" starttime="20230523 15:29:59.498" endtime="20230523 15:30:19.236"/>
</suite>
<statistics>
<total>
<stat pass="1" fail="0" skip="0">All Tests</stat>
</total>
<tag>
<stat pass="1" fail="0" skip="0">regression</stat>
</tag>
<suite>
<stat pass="1" fail="0" skip="0" id="s1" name="Tc audit log">Tc audit log</stat>
</suite>
</statistics>
<errors>
</errors>
</robot>
