<?xml version="1.0" encoding="UTF-8"?>
<robot generator="Robot 4.1.3 (Python 3.10.11 on win32)" generated="20230711 09:29:18.152" rpa="false" schemaversion="2">
<suite id="s1" name="TC auditlog apitest" source="C:\FMGApps\FMS_Audit_Log_Automation\tests\audit_log\TC_auditlog_apitest.robot">
<kw name="Import Library" library="BuiltIn">
<arg>test_code.ImperiumServices</arg>
<doc>Imports a library with the given name and optional arguments.</doc>
<status status="PASS" starttime="20230711 09:29:19.331" endtime="20230711 09:29:19.791"/>
</kw>
<kw name="Import Library" library="BuiltIn">
<arg>robot.libraries.Process</arg>
<doc>Imports a library with the given name and optional arguments.</doc>
<status status="PASS" starttime="20230711 09:29:19.930" endtime="20230711 09:29:19.930"/>
</kw>
<kw name="Import Library" library="BuiltIn">
<arg>SeleniumLibrary</arg>
<doc>Imports a library with the given name and optional arguments.</doc>
<status status="PASS" starttime="20230711 09:29:19.930" endtime="20230711 09:29:20.127"/>
</kw>
<kw name="Import Library" library="BuiltIn">
<arg>DebugLibrary</arg>
<doc>Imports a library with the given name and optional arguments.</doc>
<status status="PASS" starttime="20230711 09:29:20.127" endtime="20230711 09:29:20.254"/>
</kw>
<kw name="Import Library" library="BuiltIn">
<arg>DatabaseLibrary</arg>
<doc>Imports a library with the given name and optional arguments.</doc>
<status status="PASS" starttime="20230711 09:29:20.254" endtime="20230711 09:29:20.264"/>
</kw>
<kw name="Import Library" library="BuiltIn">
<arg>test_code.RobotEyes</arg>
<doc>Imports a library with the given name and optional arguments.</doc>
<status status="PASS" starttime="20230711 09:29:20.264" endtime="20230711 09:29:20.337"/>
</kw>
<kw name="Import Library" library="BuiltIn">
<arg>test_code.Environment</arg>
<doc>Imports a library with the given name and optional arguments.</doc>
<status status="PASS" starttime="20230711 09:29:20.337" endtime="20230711 09:29:20.337"/>
</kw>
<kw name="Import Library" library="BuiltIn">
<arg>test_code.Services</arg>
<doc>Imports a library with the given name and optional arguments.</doc>
<status status="PASS" starttime="20230711 09:29:20.337" endtime="20230711 09:29:20.371"/>
</kw>
<kw name="Import Library" library="BuiltIn">
<arg>test_code.Imperium</arg>
<doc>Imports a library with the given name and optional arguments.</doc>
<status status="PASS" starttime="20230711 09:29:20.371" endtime="20230711 09:29:20.455"/>
</kw>
<test id="s1-t1" name="TC_00X_Verify Audit API Get Status Code">
<kw name="Test api">
<kw name="Test Get Api" library="auditlogapi">
<doc>Test Get Api</doc>
<msg timestamp="20230711 09:29:20.508" level="FAIL">TypeError: can only concatenate str (not "NoneType") to str</msg>
<msg timestamp="20230711 09:29:20.508" level="DEBUG">Traceback (most recent call last):
  File "C:\FMGApps\FMS_Audit_Log_Automation\test_code\auditlog\AuditAPI.py", line 71, in test_get_api
    response= self.get('/Audit','API')
  File "C:\FMGApps\FMS_Audit_Log_Automation\test_code\services\BaseClient.py", line 44, in get
    self.environment.env_log('Get: ' + self.__base_url + url, 'debug')</msg>
<status status="FAIL" starttime="20230711 09:29:20.508" endtime="20230711 09:29:20.508"/>
</kw>
<status status="FAIL" starttime="20230711 09:29:20.508" endtime="20230711 09:29:20.508"/>
</kw>
<kw name="Stop All Services" library="test_code.Services">
<doc>Stop all services started. if 'skip_error_check_in_log' set True then log file
will not be checked for error.</doc>
<status status="PASS" starttime="20230711 09:29:20.522" endtime="20230711 09:29:20.522"/>
</kw>
<tag>Regression</tag>
<tag>test</tag>
<status status="FAIL" starttime="20230711 09:29:20.470" endtime="20230711 09:29:20.508">TypeError: can only concatenate str (not "NoneType") to str</status>
</test>
<kw name="Stop All Services" library="test_code.Services">
<doc>Stop all services started. if 'skip_error_check_in_log' set True then log file
will not be checked for error.</doc>
<status status="PASS" starttime="20230711 09:29:20.536" endtime="20230711 09:29:20.545"/>
</kw>
<status status="FAIL" starttime="20230711 09:29:18.422" endtime="20230711 09:29:20.525"/>
</suite>
<statistics>
<total>
<stat pass="0" fail="1" skip="0">All Tests</stat>
</total>
<tag>
<stat pass="0" fail="1" skip="0">Regression</stat>
<stat pass="0" fail="1" skip="0">test</stat>
</tag>
<suite>
<stat pass="0" fail="1" skip="0" id="s1" name="TC auditlog apitest">TC auditlog apitest</stat>
</suite>
</statistics>
<errors>
</errors>
</robot>
