<?xml version="1.0" encoding="UTF-8"?>
<robot generator="Robot 4.1.3 (Python 3.10.11 on win32)" generated="20230601 16:15:06.091" rpa="false" schemaversion="2">
<suite id="s1" name="TC demo apitest" source="C:\FMGApps\FMS_Audit_Log_Automation\tests\audit_log\TC_demo_apitest.robot">
<test id="s1-t1" name="Verify Given API">
<kw name="Create Session" library="RequestsLibrary">
<arg>apisession</arg>
<arg>${BASE_URL}</arg>
<doc>Create Session: create a HTTP session to a server</doc>
<msg timestamp="20230601 16:15:06.250" level="INFO">Creating Session using : alias=apisession, url=https://reqres.in/api/users, headers={},                     cookies={}, auth=None, timeout=None, proxies=None, verify=False,                     debug=0 </msg>
<status status="PASS" starttime="20230601 16:15:06.249" endtime="20230601 16:15:06.250"/>
</kw>
<kw name="Get Request" library="RequestsLibrary">
<var>${response}</var>
<arg>apisession</arg>
<arg>${BASE_URL} ${VALUE}</arg>
<doc>*DEPRECATED* Please use `GET On Session` instead.</doc>
<msg timestamp="20230601 16:15:06.250" level="WARN">Keyword 'RequestsLibrary.Get Request' is deprecated. Please use `GET On Session` instead.</msg>
<msg timestamp="20230601 16:15:06.393" level="INFO">GET Request : url=https://reqres.in/api/users%20?id=2 
 path_url=/api/users%20?id=2 
 headers={'User-Agent': 'python-requests/2.28.2', 'Accept-Encoding': 'gzip, deflate', 'Accept': '*/*', 'Connection': 'keep-alive'} 
 body=None 
 </msg>
<msg timestamp="20230601 16:15:06.393" level="INFO">GET Response : url=https://reqres.in/api/users%20?id=2 
 status=200, reason=OK 
 headers={'Date': 'Thu, 01 Jun 2023 10:45:06 GMT', 'Content-Type': 'application/json; charset=utf-8', 'Transfer-Encoding': 'chunked', 'Connection': 'keep-alive', 'X-Powered-By': 'Express', 'Access-Control-Allow-Origin': '*', 'Etag': 'W/"e8-ov4wWh4/OY1IMQMqWgskYtOFnVs"', 'Via': '1.1 vegur', 'Cache-Control': 'max-age=14400', 'CF-Cache-Status': 'HIT', 'Age': '6477', 'Report-To': '{"endpoints":[{"url":"https:\\/\\/a.nel.cloudflare.com\\/report\\/v3?s=ntNkVdenR8%2BiNCt1yNRVqakAqaZbyUHq7qoQIHUHXxxPFrLsfwIeA6JHCjV7vLAv%2Bpvfzqg2O1Pkk%2FdDBl89gyQFHNL4EbAEdCInHzkeruZEPLyndTaKrKrceg%3D%3D"}],"group":"cf-nel","max_age":604800}', 'NEL': '{"success_fraction":0,"report_to":"cf-nel","max_age":604800}', 'Vary': 'Accept-Encoding', 'Server': 'cloudflare', 'CF-RAY': '7d06dd7aeb03320b-BOM', 'Content-Encoding': 'gzip'} 
 body={"data":{"id":2,"name":"fuchsia rose","year":2001,"color":"#C74375","pantone_value":"17-2031"},"support":{"url":"https://reqres.in/#support-heading","text":"To keep ReqRes free, contributions towards server costs are appreciated!"}} 
 </msg>
<msg timestamp="20230601 16:15:06.393" level="INFO">C:\FMGApps\FMS_Audit_Log_Automation\venv\lib\site-packages\urllib3\connectionpool.py:1045: InsecureRequestWarning: Unverified HTTPS request is being made to host 'reqres.in'. Adding certificate verification is strongly advised. See: https://urllib3.readthedocs.io/en/1.26.x/advanced-usage.html#ssl-warnings
  warnings.warn(</msg>
<msg timestamp="20230601 16:15:06.394" level="INFO">${response} = &lt;Response [200]&gt;</msg>
<status status="PASS" starttime="20230601 16:15:06.250" endtime="20230601 16:15:06.394"/>
</kw>
<kw name="Log To Console" library="BuiltIn">
<arg>${response}</arg>
<doc>Logs the given message to the console.</doc>
<status status="PASS" starttime="20230601 16:15:06.394" endtime="20230601 16:15:06.395"/>
</kw>
<kw name="Log To Console" library="BuiltIn">
<arg>${response.status_code}</arg>
<doc>Logs the given message to the console.</doc>
<status status="PASS" starttime="20230601 16:15:06.395" endtime="20230601 16:15:06.396"/>
</kw>
<kw name="Log To Console" library="BuiltIn">
<arg>${response.content}</arg>
<doc>Logs the given message to the console.</doc>
<status status="PASS" starttime="20230601 16:15:06.396" endtime="20230601 16:15:06.397"/>
</kw>
<kw name="Log To Console" library="BuiltIn">
<arg>${response.headers}</arg>
<doc>Logs the given message to the console.</doc>
<status status="PASS" starttime="20230601 16:15:06.397" endtime="20230601 16:15:06.399"/>
</kw>
<status status="PASS" starttime="20230601 16:15:06.249" endtime="20230601 16:15:06.399"/>
</test>
<test id="s1-t2" name="Verify Given API Status Code">
<kw name="Create Session" library="RequestsLibrary">
<arg>apisession</arg>
<arg>${BASE_URL}</arg>
<doc>Create Session: create a HTTP session to a server</doc>
<msg timestamp="20230601 16:15:06.401" level="INFO">Creating Session using : alias=apisession, url=https://reqres.in/api/users, headers={},                     cookies={}, auth=None, timeout=None, proxies=None, verify=False,                     debug=0 </msg>
<status status="PASS" starttime="20230601 16:15:06.400" endtime="20230601 16:15:06.401"/>
</kw>
<kw name="Get Request" library="RequestsLibrary">
<var>${response}</var>
<arg>apisession</arg>
<arg>${BASE_URL} ${VALUE}</arg>
<doc>*DEPRECATED* Please use `GET On Session` instead.</doc>
<msg timestamp="20230601 16:15:06.401" level="WARN">Keyword 'RequestsLibrary.Get Request' is deprecated. Please use `GET On Session` instead.</msg>
<msg timestamp="20230601 16:15:06.514" level="INFO">GET Request : url=https://reqres.in/api/users%20?id=2 
 path_url=/api/users%20?id=2 
 headers={'User-Agent': 'python-requests/2.28.2', 'Accept-Encoding': 'gzip, deflate', 'Accept': '*/*', 'Connection': 'keep-alive'} 
 body=None 
 </msg>
<msg timestamp="20230601 16:15:06.514" level="INFO">GET Response : url=https://reqres.in/api/users%20?id=2 
 status=200, reason=OK 
 headers={'Date': 'Thu, 01 Jun 2023 10:45:06 GMT', 'Content-Type': 'application/json; charset=utf-8', 'Transfer-Encoding': 'chunked', 'Connection': 'keep-alive', 'X-Powered-By': 'Express', 'Access-Control-Allow-Origin': '*', 'Etag': 'W/"e8-ov4wWh4/OY1IMQMqWgskYtOFnVs"', 'Via': '1.1 vegur', 'Cache-Control': 'max-age=14400', 'CF-Cache-Status': 'HIT', 'Age': '6477', 'Report-To': '{"endpoints":[{"url":"https:\\/\\/a.nel.cloudflare.com\\/report\\/v3?s=u0A3nA5oJrD%2F4OskVW7hSIL2fVCYcoFPAOQfRu5W1wb73179tdOQVwo%2BNDDarXrvqQqubcMZPkNE9jUFIRCZP2jh%2BIpSntkt2sE5vrL4EDQTaNqooBWAQaUtzw%3D%3D"}],"group":"cf-nel","max_age":604800}', 'NEL': '{"success_fraction":0,"report_to":"cf-nel","max_age":604800}', 'Vary': 'Accept-Encoding', 'Server': 'cloudflare', 'CF-RAY': '7d06dd7bbce43205-BOM', 'Content-Encoding': 'gzip'} 
 body={"data":{"id":2,"name":"fuchsia rose","year":2001,"color":"#C74375","pantone_value":"17-2031"},"support":{"url":"https://reqres.in/#support-heading","text":"To keep ReqRes free, contributions towards server costs are appreciated!"}} 
 </msg>
<msg timestamp="20230601 16:15:06.514" level="INFO">C:\FMGApps\FMS_Audit_Log_Automation\venv\lib\site-packages\urllib3\connectionpool.py:1045: InsecureRequestWarning: Unverified HTTPS request is being made to host 'reqres.in'. Adding certificate verification is strongly advised. See: https://urllib3.readthedocs.io/en/1.26.x/advanced-usage.html#ssl-warnings
  warnings.warn(</msg>
<msg timestamp="20230601 16:15:06.515" level="INFO">${response} = &lt;Response [200]&gt;</msg>
<status status="PASS" starttime="20230601 16:15:06.401" endtime="20230601 16:15:06.515"/>
</kw>
<kw name="Log To Console" library="BuiltIn">
<arg>${response.status_code}</arg>
<doc>Logs the given message to the console.</doc>
<status status="PASS" starttime="20230601 16:15:06.516" endtime="20230601 16:15:06.517"/>
</kw>
<kw name="Convert To String" library="BuiltIn">
<var>${STATUS_CODE}</var>
<arg>${response.status_code}</arg>
<doc>Converts the given item to a Unicode string.</doc>
<msg timestamp="20230601 16:15:06.518" level="INFO">${STATUS_CODE} = 200</msg>
<status status="PASS" starttime="20230601 16:15:06.517" endtime="20230601 16:15:06.518"/>
</kw>
<kw name="Should Be Equal" library="BuiltIn">
<arg>${STATUS_CODE}</arg>
<arg>200</arg>
<doc>Fails if the given objects are unequal.</doc>
<status status="PASS" starttime="20230601 16:15:06.518" endtime="20230601 16:15:06.518"/>
</kw>
<status status="PASS" starttime="20230601 16:15:06.400" endtime="20230601 16:15:06.519"/>
</test>
<test id="s1-t3" name="Verify Given API In Content">
<kw name="Create Session" library="RequestsLibrary">
<arg>apisession</arg>
<arg>${BASE_URL}</arg>
<doc>Create Session: create a HTTP session to a server</doc>
<msg timestamp="20230601 16:15:06.521" level="INFO">Creating Session using : alias=apisession, url=https://reqres.in/api/users, headers={},                     cookies={}, auth=None, timeout=None, proxies=None, verify=False,                     debug=0 </msg>
<status status="PASS" starttime="20230601 16:15:06.520" endtime="20230601 16:15:06.521"/>
</kw>
<kw name="Get Request" library="RequestsLibrary">
<var>${response}</var>
<arg>apisession</arg>
<arg>${BASE_URL} ${VALUE}</arg>
<doc>*DEPRECATED* Please use `GET On Session` instead.</doc>
<msg timestamp="20230601 16:15:06.521" level="WARN">Keyword 'RequestsLibrary.Get Request' is deprecated. Please use `GET On Session` instead.</msg>
<msg timestamp="20230601 16:15:06.569" level="INFO">GET Request : url=https://reqres.in/api/users%20?id=2 
 path_url=/api/users%20?id=2 
 headers={'User-Agent': 'python-requests/2.28.2', 'Accept-Encoding': 'gzip, deflate', 'Accept': '*/*', 'Connection': 'keep-alive'} 
 body=None 
 </msg>
<msg timestamp="20230601 16:15:06.569" level="INFO">GET Response : url=https://reqres.in/api/users%20?id=2 
 status=200, reason=OK 
 headers={'Date': 'Thu, 01 Jun 2023 10:45:06 GMT', 'Content-Type': 'application/json; charset=utf-8', 'Transfer-Encoding': 'chunked', 'Connection': 'keep-alive', 'X-Powered-By': 'Express', 'Access-Control-Allow-Origin': '*', 'Etag': 'W/"e8-ov4wWh4/OY1IMQMqWgskYtOFnVs"', 'Via': '1.1 vegur', 'Cache-Control': 'max-age=14400', 'CF-Cache-Status': 'HIT', 'Age': '6477', 'Report-To': '{"endpoints":[{"url":"https:\\/\\/a.nel.cloudflare.com\\/report\\/v3?s=p30ClVHPt7uerSnocBGlLbsNAtzbmIUS%2F9VB3E0%2BwI0N7QGci9oBJkUllPuvJgCWdhffkx7AerFM6EbWwKpqQvPbJmAdI2vmPaDegXyaKLQJvih%2BXbRUKOJOTQ%3D%3D"}],"group":"cf-nel","max_age":604800}', 'NEL': '{"success_fraction":0,"report_to":"cf-nel","max_age":604800}', 'Vary': 'Accept-Encoding', 'Server': 'cloudflare', 'CF-RAY': '7d06dd7c0aba2e4d-BOM', 'Content-Encoding': 'gzip'} 
 body={"data":{"id":2,"name":"fuchsia rose","year":2001,"color":"#C74375","pantone_value":"17-2031"},"support":{"url":"https://reqres.in/#support-heading","text":"To keep ReqRes free, contributions towards server costs are appreciated!"}} 
 </msg>
<msg timestamp="20230601 16:15:06.569" level="INFO">C:\FMGApps\FMS_Audit_Log_Automation\venv\lib\site-packages\urllib3\connectionpool.py:1045: InsecureRequestWarning: Unverified HTTPS request is being made to host 'reqres.in'. Adding certificate verification is strongly advised. See: https://urllib3.readthedocs.io/en/1.26.x/advanced-usage.html#ssl-warnings
  warnings.warn(</msg>
<msg timestamp="20230601 16:15:06.570" level="INFO">${response} = &lt;Response [200]&gt;</msg>
<status status="PASS" starttime="20230601 16:15:06.521" endtime="20230601 16:15:06.570"/>
</kw>
<kw name="Convert To String" library="BuiltIn">
<var>${CONTENT_RESULT}</var>
<arg>${response.content}</arg>
<doc>Converts the given item to a Unicode string.</doc>
<msg timestamp="20230601 16:15:06.571" level="INFO">${CONTENT_RESULT} = {"data":{"id":2,"name":"fuchsia rose","year":2001,"color":"#C74375","pantone_value":"17-2031"},"support":{"url":"https://reqres.in/#support-heading","text":"To keep ReqRes free, contributions towards ...</msg>
<status status="PASS" starttime="20230601 16:15:06.571" endtime="20230601 16:15:06.571"/>
</kw>
<kw name="Should Contain" library="BuiltIn">
<arg>${CONTENT_RESULT}</arg>
<arg>2</arg>
<doc>Fails if ``container`` does not contain ``item`` one or more times.</doc>
<status status="PASS" starttime="20230601 16:15:06.572" endtime="20230601 16:15:06.572"/>
</kw>
<status status="PASS" starttime="20230601 16:15:06.520" endtime="20230601 16:15:06.572"/>
</test>
<test id="s1-t4" name="Verify Header Values From Given API In Content">
<kw name="Create Session" library="RequestsLibrary">
<arg>apisession</arg>
<arg>${BASE_URL}</arg>
<doc>Create Session: create a HTTP session to a server</doc>
<msg timestamp="20230601 16:15:06.574" level="INFO">Creating Session using : alias=apisession, url=https://reqres.in/api/users, headers={},                     cookies={}, auth=None, timeout=None, proxies=None, verify=False,                     debug=0 </msg>
<status status="PASS" starttime="20230601 16:15:06.574" endtime="20230601 16:15:06.574"/>
</kw>
<kw name="Get Request" library="RequestsLibrary">
<var>${response}</var>
<arg>apisession</arg>
<arg>${BASE_URL} ${VALUE}</arg>
<doc>*DEPRECATED* Please use `GET On Session` instead.</doc>
<msg timestamp="20230601 16:15:06.575" level="WARN">Keyword 'RequestsLibrary.Get Request' is deprecated. Please use `GET On Session` instead.</msg>
<msg timestamp="20230601 16:15:06.901" level="INFO">GET Request : url=https://reqres.in/api/users%20?id=2 
 path_url=/api/users%20?id=2 
 headers={'User-Agent': 'python-requests/2.28.2', 'Accept-Encoding': 'gzip, deflate', 'Accept': '*/*', 'Connection': 'keep-alive'} 
 body=None 
 </msg>
<msg timestamp="20230601 16:15:06.902" level="INFO">GET Response : url=https://reqres.in/api/users%20?id=2 
 status=200, reason=OK 
 headers={'Date': 'Thu, 01 Jun 2023 10:45:06 GMT', 'Content-Type': 'application/json; charset=utf-8', 'Transfer-Encoding': 'chunked', 'Connection': 'keep-alive', 'X-Powered-By': 'Express', 'Access-Control-Allow-Origin': '*', 'Etag': 'W/"e8-ov4wWh4/OY1IMQMqWgskYtOFnVs"', 'Via': '1.1 vegur', 'Cache-Control': 'max-age=14400', 'CF-Cache-Status': 'REVALIDATED', 'Report-To': '{"endpoints":[{"url":"https:\\/\\/a.nel.cloudflare.com\\/report\\/v3?s=6TwX17aN%2FezR6qqCE%2BuyKrz3nBN78KMA5ICSl%2FM%2BspGWB5sVprEzpQ7%2F9oDX2FCEQgyYjTRVwzbSG62oLxAEEopBsAmxo%2F8itSgMgcW2cn1KFGsrawuiK0DQkw%3D%3D"}],"group":"cf-nel","max_age":604800}', 'NEL': '{"success_fraction":0,"report_to":"cf-nel","max_age":604800}', 'Vary': 'Accept-Encoding', 'Server': 'cloudflare', 'CF-RAY': '7d06dd7c6dd5856f-BOM', 'Content-Encoding': 'gzip'} 
 body={"data":{"id":2,"name":"fuchsia rose","year":2001,"color":"#C74375","pantone_value":"17-2031"},"support":{"url":"https://reqres.in/#support-heading","text":"To keep ReqRes free, contributions towards server costs are appreciated!"}} 
 </msg>
<msg timestamp="20230601 16:15:06.902" level="INFO">C:\FMGApps\FMS_Audit_Log_Automation\venv\lib\site-packages\urllib3\connectionpool.py:1045: InsecureRequestWarning: Unverified HTTPS request is being made to host 'reqres.in'. Adding certificate verification is strongly advised. See: https://urllib3.readthedocs.io/en/1.26.x/advanced-usage.html#ssl-warnings
  warnings.warn(</msg>
<msg timestamp="20230601 16:15:06.903" level="INFO">${response} = &lt;Response [200]&gt;</msg>
<status status="PASS" starttime="20230601 16:15:06.574" endtime="20230601 16:15:06.903"/>
</kw>
<kw name="Get From Dictionary" library="Collections">
<var>${content_type_value}</var>
<arg>${response.headers}</arg>
<arg>Content-Type</arg>
<doc>Returns a value from the given ``dictionary`` based on the given ``key``.</doc>
<msg timestamp="20230601 16:15:06.904" level="INFO">${content_type_value} = application/json; charset=utf-8</msg>
<status status="PASS" starttime="20230601 16:15:06.903" endtime="20230601 16:15:06.904"/>
</kw>
<kw name="Should Be Equal" library="BuiltIn">
<arg>${content_type_value}</arg>
<arg>application/json; charset=utf-8</arg>
<doc>Fails if the given objects are unequal.</doc>
<status status="PASS" starttime="20230601 16:15:06.905" endtime="20230601 16:15:06.905"/>
</kw>
<status status="PASS" starttime="20230601 16:15:06.573" endtime="20230601 16:15:06.906"/>
</test>
<test id="s1-t5" name="Verify API In Post Method">
<kw name="Create Session" library="RequestsLibrary">
<arg>apisession</arg>
<arg>${BASE_URL}</arg>
<doc>Create Session: create a HTTP session to a server</doc>
<msg timestamp="20230601 16:15:06.908" level="INFO">Creating Session using : alias=apisession, url=https://reqres.in/api/users, headers={},                     cookies={}, auth=None, timeout=None, proxies=None, verify=False,                     debug=0 </msg>
<status status="PASS" starttime="20230601 16:15:06.908" endtime="20230601 16:15:06.909"/>
</kw>
<kw name="Create Dictionary" library="BuiltIn">
<var>${BODY}</var>
<arg>name= morpheus</arg>
<arg>job=leader</arg>
<doc>Creates and returns a dictionary based on the given ``items``.</doc>
<msg timestamp="20230601 16:15:06.910" level="INFO">${BODY} = {'name': ' morpheus', 'job': 'leader'}</msg>
<status status="PASS" starttime="20230601 16:15:06.909" endtime="20230601 16:15:06.910"/>
</kw>
<kw name="Create Dictionary" library="BuiltIn">
<var>${HEADER}</var>
<arg>Content-Type=application/json</arg>
<doc>Creates and returns a dictionary based on the given ``items``.</doc>
<msg timestamp="20230601 16:15:06.911" level="INFO">${HEADER} = {'Content-Type': 'application/json'}</msg>
<status status="PASS" starttime="20230601 16:15:06.910" endtime="20230601 16:15:06.911"/>
</kw>
<kw name="Post Request" library="RequestsLibrary">
<var>${Post_Response}</var>
<arg>apisession</arg>
<arg>${BASE_URL}</arg>
<arg>data=${BODY}</arg>
<arg>headers=${HEADER}</arg>
<doc>*DEPRECATED* Please use `POST On Session` instead.</doc>
<msg timestamp="20230601 16:15:06.911" level="WARN">Keyword 'RequestsLibrary.Post Request' is deprecated. Please use `POST On Session` instead.</msg>
<msg timestamp="20230601 16:15:07.227" level="INFO">POST Request : url=https://reqres.in/api/users 
 path_url=/api/users 
 headers={'User-Agent': 'python-requests/2.28.2', 'Accept-Encoding': 'gzip, deflate', 'Accept': '*/*', 'Connection': 'keep-alive', 'Content-Type': 'application/json', 'Content-Length': '38'} 
 body={"name": " morpheus", "job": "leader"} 
 </msg>
<msg timestamp="20230601 16:15:07.227" level="INFO">POST Response : url=https://reqres.in/api/users 
 status=201, reason=Created 
 headers={'Date': 'Thu, 01 Jun 2023 10:45:07 GMT', 'Content-Type': 'application/json; charset=utf-8', 'Content-Length': '85', 'Connection': 'keep-alive', 'X-Powered-By': 'Express', 'Access-Control-Allow-Origin': '*', 'Etag': 'W/"55-+WuGVrXTKJT0OJD1fzEGfkgvFZE"', 'Via': '1.1 vegur', 'CF-Cache-Status': 'DYNAMIC', 'Report-To': '{"endpoints":[{"url":"https:\\/\\/a.nel.cloudflare.com\\/report\\/v3?s=m7oEXtBFEcNp%2BZTQkwKswS1bXouGWC4Fd%2FThkBv7XQNYeeS%2FNOf2UWx1hdPufKpOfGZtI6FcyhCq%2FvXkzU7so%2B%2BmmlSyL8fJKo1oXTjL6NXCS%2FFQFXu9HlYV5w%3D%3D"}],"group":"cf-nel","max_age":604800}', 'NEL': '{"success_fraction":0,"report_to":"cf-nel","max_age":604800}', 'Server': 'cloudflare', 'CF-RAY': '7d06dd7e7ed12965-BOM'} 
 body={"name":" morpheus","job":"leader","id":"574","createdAt":"2023-06-01T10:45:07.155Z"} 
 </msg>
<msg timestamp="20230601 16:15:07.227" level="INFO">C:\FMGApps\FMS_Audit_Log_Automation\venv\lib\site-packages\urllib3\connectionpool.py:1045: InsecureRequestWarning: Unverified HTTPS request is being made to host 'reqres.in'. Adding certificate verification is strongly advised. See: https://urllib3.readthedocs.io/en/1.26.x/advanced-usage.html#ssl-warnings
  warnings.warn(</msg>
<msg timestamp="20230601 16:15:07.228" level="INFO">${Post_Response} = &lt;Response [201]&gt;</msg>
<status status="PASS" starttime="20230601 16:15:06.911" endtime="20230601 16:15:07.228"/>
</kw>
<kw name="Log To Console" library="BuiltIn">
<arg>${Post_Response.status_code}</arg>
<doc>Logs the given message to the console.</doc>
<status status="PASS" starttime="20230601 16:15:07.229" endtime="20230601 16:15:07.230"/>
</kw>
<status status="PASS" starttime="20230601 16:15:06.907" endtime="20230601 16:15:07.230"/>
</test>
<status status="PASS" starttime="20230601 16:15:06.094" endtime="20230601 16:15:07.232"/>
</suite>
<statistics>
<total>
<stat pass="5" fail="0" skip="0">All Tests</stat>
</total>
<tag>
</tag>
<suite>
<stat pass="5" fail="0" skip="0" id="s1" name="TC demo apitest">TC demo apitest</stat>
</suite>
</statistics>
<errors>
<msg timestamp="20230601 16:15:06.250" level="WARN">Keyword 'RequestsLibrary.Get Request' is deprecated. Please use `GET On Session` instead.</msg>
<msg timestamp="20230601 16:15:06.401" level="WARN">Keyword 'RequestsLibrary.Get Request' is deprecated. Please use `GET On Session` instead.</msg>
<msg timestamp="20230601 16:15:06.521" level="WARN">Keyword 'RequestsLibrary.Get Request' is deprecated. Please use `GET On Session` instead.</msg>
<msg timestamp="20230601 16:15:06.575" level="WARN">Keyword 'RequestsLibrary.Get Request' is deprecated. Please use `GET On Session` instead.</msg>
<msg timestamp="20230601 16:15:06.911" level="WARN">Keyword 'RequestsLibrary.Post Request' is deprecated. Please use `POST On Session` instead.</msg>
</errors>
</robot>
