<?xml version="1.0" encoding="UTF-8"?>
<robot generator="Robot 4.1.3 (Python 3.10.11 on win32)" generated="20230525 14:47:58.290" rpa="false" schemaversion="2">
<suite id="s1" name="Tc audit log" source="C:\FMGApps\FMS_Audit_Log_Automation\tests\ui_tests\Tc_audit_log.robot">
<test id="s1-t1" name="TC_001_Simple example Search_Smoke">
<kw name="Go to Google" library="Utilities_Keywords" type="SETUP">
<kw name="Open Browser" library="SeleniumLibrary">
<arg>${URL}</arg>
<arg>${BROWSER}</arg>
<doc>Opens a new browser instance to the optional ``url``.</doc>
<msg timestamp="20230525 14:47:58.640" level="INFO">Opening browser 'Chrome' to base url 'https://google.com'.</msg>
<status status="PASS" starttime="20230525 14:47:58.640" endtime="20230525 14:48:04.162"/>
</kw>
<kw name="Maximize Browser Window" library="SeleniumLibrary">
<doc>Maximizes current browser window.</doc>
<status status="PASS" starttime="20230525 14:48:04.163" endtime="20230525 14:48:04.289"/>
</kw>
<kw name="Sleep" library="BuiltIn">
<arg>5s</arg>
<doc>Pauses the test executed for the given time.</doc>
<msg timestamp="20230525 14:48:09.296" level="INFO">Slept 5 seconds</msg>
<status status="PASS" starttime="20230525 14:48:04.289" endtime="20230525 14:48:09.296"/>
</kw>
<status status="PASS" starttime="20230525 14:47:58.638" endtime="20230525 14:48:09.296"/>
</kw>
<kw name="Simple Search" library="Utilities_Keywords">
<arg>FMG</arg>
<kw name="Input Text" library="SeleniumLibrary">
<arg>name:q</arg>
<arg>${SearchWord}</arg>
<doc>Types the given ``text`` into the text field identified by ``locator``.</doc>
<msg timestamp="20230525 14:48:09.296" level="INFO">Typing text 'FMG' into text field 'name:q'.</msg>
<status status="PASS" starttime="20230525 14:48:09.296" endtime="20230525 14:48:09.401"/>
</kw>
<kw name="Press Keys" library="SeleniumLibrary">
<arg>name:q</arg>
<arg>ENTER</arg>
<doc>Simulates the user pressing key(s) to an element or on the active browser.</doc>
<msg timestamp="20230525 14:48:09.403" level="INFO">Sending key(s) ('ENTER',) to name:q element.</msg>
<msg timestamp="20230525 14:48:09.717" level="INFO">Pressing special key ENTER to element.</msg>
<msg timestamp="20230525 14:48:09.717" level="INFO">Releasing special key ENTER.</msg>
<status status="PASS" starttime="20230525 14:48:09.402" endtime="20230525 14:48:12.170"/>
</kw>
<status status="PASS" starttime="20230525 14:48:09.296" endtime="20230525 14:48:12.170"/>
</kw>
<tag>FMS_Regression</tag>
<tag>Regression</tag>
<tag>Smoke</tag>
<status status="PASS" starttime="20230525 14:47:58.638" endtime="20230525 14:48:12.171"/>
</test>
<test id="s1-t2" name="TC_002_Simple example Search_Regression">
<kw name="Go to Google" library="Utilities_Keywords" type="SETUP">
<kw name="Open Browser" library="SeleniumLibrary">
<arg>${URL}</arg>
<arg>${BROWSER}</arg>
<doc>Opens a new browser instance to the optional ``url``.</doc>
<msg timestamp="20230525 14:48:12.175" level="INFO">Opening browser 'Chrome' to base url 'https://google.com'.</msg>
<status status="PASS" starttime="20230525 14:48:12.174" endtime="20230525 14:48:16.100"/>
</kw>
<kw name="Maximize Browser Window" library="SeleniumLibrary">
<doc>Maximizes current browser window.</doc>
<status status="PASS" starttime="20230525 14:48:16.100" endtime="20230525 14:48:16.224"/>
</kw>
<kw name="Sleep" library="BuiltIn">
<arg>5s</arg>
<doc>Pauses the test executed for the given time.</doc>
<msg timestamp="20230525 14:48:21.228" level="INFO">Slept 5 seconds</msg>
<status status="PASS" starttime="20230525 14:48:16.224" endtime="20230525 14:48:21.228"/>
</kw>
<status status="PASS" starttime="20230525 14:48:12.173" endtime="20230525 14:48:21.228"/>
</kw>
<kw name="Simple Search" library="Utilities_Keywords">
<arg>FMG</arg>
<kw name="Input Text" library="SeleniumLibrary">
<arg>name:q</arg>
<arg>${SearchWord}</arg>
<doc>Types the given ``text`` into the text field identified by ``locator``.</doc>
<msg timestamp="20230525 14:48:21.228" level="INFO">Typing text 'FMG' into text field 'name:q'.</msg>
<status status="PASS" starttime="20230525 14:48:21.228" endtime="20230525 14:48:21.330"/>
</kw>
<kw name="Press Keys" library="SeleniumLibrary">
<arg>name:q</arg>
<arg>ENTER</arg>
<doc>Simulates the user pressing key(s) to an element or on the active browser.</doc>
<msg timestamp="20230525 14:48:21.331" level="INFO">Sending key(s) ('ENTER',) to name:q element.</msg>
<msg timestamp="20230525 14:48:21.640" level="INFO">Pressing special key ENTER to element.</msg>
<msg timestamp="20230525 14:48:21.640" level="INFO">Releasing special key ENTER.</msg>
<status status="PASS" starttime="20230525 14:48:21.330" endtime="20230525 14:48:24.579"/>
</kw>
<status status="PASS" starttime="20230525 14:48:21.228" endtime="20230525 14:48:24.579"/>
</kw>
<tag>FMS_Regression</tag>
<tag>Regression</tag>
<status status="PASS" starttime="20230525 14:48:12.173" endtime="20230525 14:48:24.580"/>
</test>
<kw name="Close All Browsers" library="SeleniumLibrary" type="TEARDOWN">
<doc>Closes all open browsers and resets the browser cache.</doc>
<status status="PASS" starttime="20230525 14:48:24.582" endtime="20230525 14:48:37.126"/>
</kw>
<status status="PASS" starttime="20230525 14:47:58.290" endtime="20230525 14:48:37.126"/>
</suite>
<statistics>
<total>
<stat pass="2" fail="0" skip="0">All Tests</stat>
</total>
<tag>
<stat pass="2" fail="0" skip="0">FMS_Regression</stat>
<stat pass="2" fail="0" skip="0">Regression</stat>
<stat pass="1" fail="0" skip="0">Smoke</stat>
</tag>
<suite>
<stat pass="2" fail="0" skip="0" id="s1" name="Tc audit log">Tc audit log</stat>
</suite>
</statistics>
<errors>
</errors>
</robot>
